6828 decimal is 15254 octal!
Physical memory: 32768K available, base = 640K, extended = 31744K
check_page_alloc() succeeded!
page_check() succeeded!
check_boot_pgdir() succeeded!
enabled interrupts: 1 2
	     Setup timer interrupts via 8259A
enabled interrupts: 0 1 2
	     unmasked timer interrupt
env_create start!
[00000000] new env 00001000
env_alloc success!
env_creat end
env_create start!
[00000000] new env 00001001
env_alloc success!
env_creat end
run the user programme!
48
run the user programme!
48
user panic in (PROGRAM NAME UNKNOWN) at lib/fork.c:83: run the user programme!
48
fork not implementedrun the user programme!
48

run the user programme!
3
Welcome to the JOS kernel monitor!
Type 'help' for a list of commands.
TRAP frame at 0xf01d707c
  edi  0x00000000
  esi  0x00000000
  ebp  0xeebfdfa0
  oesp 0xefbfffdc
  ebx  0x00000000
  edx  0xeebfde58
  ecx  0x00000001
  eax  0x00000001
  es   0x----0023
  ds   0x----0023
  trap 0x00000003 Breakpoint
  err  0x00000000
  eip  0x0080019c
  cs   0x----001b
  flag 0x00000082
  esp  0xeebfdf98
  ss   0x----0023
